<?xml version="1.0" encoding="UTF-8" ?>
<testsuite failures="0" time="58.922" errors="0" skipped="0" tests="4" name="com.yahoo.hadoop_bsp.SimpleBspTest">
  <properties>
[...]
</properties>
  <testcase time="1.979" classname="com.yahoo.hadoop_bsp.SimpleBspTest" name="testInstantiateVertex"/>
  <testcase time="32.672" classname="com.yahoo.hadoop_bsp.SimpleBspTest" name="testBspSuperStep"/>
  <testcase time="11.724" classname="com.yahoo.hadoop_bsp.SimpleBspTest" name="testBspMsg"/>
  <testcase time="12.521" classname="com.yahoo.hadoop_bsp.SimpleBspTest" name="testBspPageRank"/>
</testsuite>